\BOOKMARK [0][]{chapter*.6}{\315NDICE DE TABLAS}{}% 1
\BOOKMARK [0][]{chapter*.7}{\315NDICE DE FIGURAS}{}% 2
\BOOKMARK [0][]{chapter*.8}{INTRODUCCI\323N}{}% 3
\BOOKMARK [-1][]{part.1}{I ASPECTOS GENERALES}{}% 4
\BOOKMARK [0][]{chapter.1}{ASPECTOS GENERALES}{part.1}% 5
\BOOKMARK [1][]{section.1.1}{Planteamiento del Problema}{chapter.1}% 6
\BOOKMARK [2][]{subsection.1.1.1}{Descripci\363n}{section.1.1}% 7
\BOOKMARK [2][]{subsection.1.1.2}{Identificaci\363n del Problema}{section.1.1}% 8
\BOOKMARK [1][]{section.1.2}{Antecedentes}{chapter.1}% 9
\BOOKMARK [1][]{section.1.3}{Objetivos}{chapter.1}% 10
\BOOKMARK [1][]{section.1.4}{Justificaci\363n}{chapter.1}% 11
\BOOKMARK [1][]{section.1.5}{Alcances}{chapter.1}% 12
\BOOKMARK [1][]{section.1.6}{Metodolog\355a}{chapter.1}% 13
\BOOKMARK [2][]{subsection.1.6.1}{M\351todo de investigaci\363n}{section.1.6}% 14
\BOOKMARK [1][]{section.1.7}{Cronograma de actividades}{chapter.1}% 15
\BOOKMARK [-1][]{part.2}{II MARCO TE\323RICO}{}% 16
\BOOKMARK [0][]{chapter.2}{FUNDAMENTOS MATEMATICOS}{part.2}% 17
\BOOKMARK [0][]{chapter.3}{Heading on level 0 \(chapter\)}{part.2}% 18
\BOOKMARK [1][]{section.3.1}{Heading on level 1 \(section\)}{chapter.3}% 19
\BOOKMARK [2][]{subsection.3.1.1}{Heading on level 2 \(subsection\)}{section.3.1}% 20
\BOOKMARK [3][]{subsubsection.3.1.1.1}{Heading on level 3 \(subsubsection\)}{subsection.3.1.1}% 21
\BOOKMARK [4][]{paragraph*.10}{Heading on level 4 \(paragraph\)}{subsubsection.3.1.1.1}% 22
\BOOKMARK [1][]{section.3.2}{Lists}{chapter.3}% 23
\BOOKMARK [2][]{subsection.3.2.1}{Example for list \(itemize\)}{section.3.2}% 24
\BOOKMARK [3][]{subsubsection.3.2.1.1}{Example for list \(4*itemize\)}{subsection.3.2.1}% 25
\BOOKMARK [2][]{subsection.3.2.2}{Example for list \(enumerate\)}{section.3.2}% 26
\BOOKMARK [3][]{subsubsection.3.2.2.1}{Example for list \(4*enumerate\)}{subsection.3.2.2}% 27
\BOOKMARK [2][]{subsection.3.2.3}{Example for list \(description\)}{section.3.2}% 28
\BOOKMARK [3][]{subsubsection.3.2.3.1}{Example for list \(4*description\)}{subsection.3.2.3}% 29
\BOOKMARK [-1][]{part.3}{III DESARROLLO DEL ENFOQUE PROPUESTO}{}% 30
\BOOKMARK [0][]{chapter.4}{ASPECTOS DEL ENFOQUE}{part.3}% 31
\BOOKMARK [1][]{section.4.1}{Enfoque propuesto}{chapter.4}% 32
\BOOKMARK [0][]{chapter.5}{EXPERIMENTOS}{part.3}% 33
\BOOKMARK [1][]{section.5.1}{section 00}{chapter.5}% 34
\BOOKMARK [0][]{chapter.6}{RESULTADOS}{part.3}% 35
\BOOKMARK [0][]{chapter*.13}{CONCLUSIONES}{part.3}% 36
\BOOKMARK [0][]{chapter*.14}{RECOMENDACIONES}{part.3}% 37
\BOOKMARK [0][]{chapter*.15}{BIBLIOGRAF\315A}{part.3}% 38
\BOOKMARK [0][]{section*.16}{ANEXOS}{part.3}% 39
\BOOKMARK [0][]{appendix*.17}{B. DETALLES T\311CNICOS}{part.3}% 40
